TODO:
    - In the counter example take into account other values that is not in CS << states
    - Quando a geração de invariantes falhar tentar utilizar somente os dados do
      contraexemplo para gerar os ASSUMES
    - [DONE] Para cada verificação efetuado criar um método para identificar possiveis erros no ESBMC
    - CHECK_C_SYNTAX_BEFORE_RUNNING_PIPS
    - C syntax errors in file
-------------------------------------------------------------------------





BUGs:
-------------------------------------------------------------------------

In this situation:

State 211 file /home/hrocha/Documents/Projects_DEV/depthk/test_cases/k-induction/pc_sfifo_1/main_depthk_u.c line 53 function is_do_write_p_triggered thread 0
c::is_do_write_p_triggered at /home/hrocha/Documents/Projects_DEV/depthk/test_cases/k-induction/pc_sfifo_1/main_depthk_u.c line 91
c::immediate_notify_threads at /home/hrocha/Documents/Projects_DEV/depthk/test_cases/k-induction/pc_sfifo_1/main_depthk_u.c line 213
c::do_read_c at /home/hrocha/Documents/Projects_DEV/depthk/test_cases/k-induction/pc_sfifo_1/main_depthk_u.c line 346
c::eval at /home/hrocha/Documents/Projects_DEV/depthk/test_cases/k-induction/pc_sfifo_1/main_depthk_u.c line 405
c::start_simulation at /home/hrocha/Documents/Projects_DEV/depthk/test_cases/k-induction/pc_sfifo_1/main_depthk_u.c line 449
<main invocation>
----------------------------------------------------
  main_depthk_u::immediate_notify_threads::1::tmp=1 (1)


This cuz, the VAR tmp is not in the scope of the function is_do_write_p_triggered.
TODO: We need validate this case


>>> First tests
-------------------------------------------------------------------------
OKAY:
  Running bist_cell  [FAILED] (900.00 seconds) >> [TESTED] - OKAY
  Running kundu  [FAILED] (900.00 seconds) >> [TESTED] - OKAY
  Running ludcmp_bad  [FAILED] (0.67 seconds) >> [TESTED] - OKAY
  Running mem_slave_tlm  [FAILED] (900.00 seconds) >> [TESTED] - OKAY
  Running sum03  [FAILED] (0.09 seconds) >> [TESTED] - OKAY
  Running sum03_bug  [FAILED] (0.16 seconds) >> [TESTED] - OKAY
  Running token_ring01  [FAILED] (900.00 seconds) >> [TESTED] - OKAY
  Running verisec_NetBSD-libc__loop_ok  [OK] (0.13 seconds) >> [TESTED] - OKAY
  Running verisec_OpenSER__cases1_stripFullBoth_arr_bad  [OK] (0.25 seconds) >> [TESTED] - OKAY
  Running verisec_OpenSER__cases1_stripFullBoth_arr_ok  [OK] (1.06 seconds) >> [TESTED] - OKAY
  Running compsys_team_rank/nestedLoop >> [TESTED] - OKAY
  Running compsys_team_rank/random2d >> [TESTED] - OKAY
  Running compsys_team_rank/realheapsort >> [TESTED] - OKAY
  Running invgen/confuse >> [TESTED] - OKAY
  Running invgen/disj_simple >> [TESTED] - OKAY
  Running invgen/mergesort >> [TESTED] - OKAY
  Running invgen/seq-len >> [TESTED] - OKAY

FAILED:
  Running matrix_bug  [FAILED] (0.19 seconds) >> [TESTED] - FAILED (z3 error) ??? -- VERIFICATION FAILED INDUCTIVE STEP PROCESS CRASHED parallel
  Running verisec_NetBSD-libc__loop_bad  [OK] (0.16 seconds) >> [TESTED] - FAILED -- Transformation ???

ERROR/UNKNOWN:
  Running nec24  [FAILED] (900.00 seconds) >> [TESTED] - k = 500 - NO CE - ERROR
  Running pc_sfifo_1  [FAILED] (900.00 seconds) >> [TESTED] - ERROR PIPS --
  Running toy  [FAILED] (900.00 seconds) >> [TESTED] - ERROR PIPS --

TIMEOUT:
  Running invgen/svd >> [TESTED] - Timed out -- Tuple array getting not implemented yet, sorry



SERVER >>> make: *** [tests.log] Error 11






-------------------------------------------------------------------------
    - Actual approach. k starts in 1.
        : we got a false negative in main.c (insertion sort)
        ::: BUG cuz multiples ESBMC_ASSUME from CE.
            - HIP1. Just we should try one ESBMC_ASSUME from CE by P'
                - When we generated a new P' the old ESBMC_ASSUME should be commented
            - [CHOOSE] HIP2. For each P' generated we need to check to up MAX < k >
